SF:lib/src/dash/data/models/character_model.dart
DA:16,2
DA:27,1
DA:28,1
DA:29,0
LF:4
LH:3
end_of_record
SF:lib/src/dash/data/models/character_model.g.dart
DA:9,1
DA:10,1
DA:11,1
DA:12,1
DA:13,1
DA:14,1
DA:15,1
DA:16,1
DA:17,1
DA:19,4
DA:22,0
DA:23,0
DA:24,0
DA:25,0
DA:26,0
DA:27,0
DA:28,0
DA:29,0
DA:30,0
DA:31,0
LF:20
LH:10
end_of_record
SF:lib/src/dash/data/datasource/character_remote_datasource.dart
DA:8,1
DA:10,1
DA:11,1
DA:12,3
DA:14,2
DA:15,2
DA:16,1
DA:17,4
DA:20,1
LF:9
LH:9
end_of_record
SF:lib/src/dash/data/repositories/character_repository_impl.dart
DA:8,1
DA:10,0
DA:13,0
DA:15,0
DA:16,0
DA:17,0
DA:18,0
DA:19,0
DA:20,0
DA:21,0
DA:22,0
DA:23,0
DA:25,0
DA:27,0
LF:14
LH:1
end_of_record
SF:lib/src/dash/domain/entities/character.dart
DA:11,0
LF:1
LH:0
end_of_record
